{"contracts/Land.sol":{"l":{"29":14,"30":14,"34":14,"36":14,"40":14,"44":14,"50":12,"52":12,"54":12,"56":8,"58":6,"60":6,"62":6,"70":4,"75":2,"77":2,"86":0,"92":0,"94":0,"98":1,"102":2},"path":"/home/eduardo/Documents/eduardo/github/ethereum/metaverse-truffle/contracts/Land.sol","s":{"1":14,"2":14,"3":14,"4":14,"5":14,"6":14,"7":12,"8":12,"9":12,"10":8,"11":6,"12":6,"13":6,"14":4,"15":2,"16":2,"17":0,"18":0,"19":0,"20":1,"21":2},"b":{"1":[12,0],"2":[8,4],"3":[6,2],"4":[2,2],"5":[0,0]},"f":{"1":14,"2":12,"3":4,"4":0,"5":1,"6":2},"fnMap":{"1":{"name":"constructor","line":28,"loc":{"start":{"line":24,"column":4},"end":{"line":47,"column":4}}},"2":{"name":"mint","line":49,"loc":{"start":{"line":49,"column":4},"end":{"line":63,"column":4}}},"3":{"name":"transferFrom","line":65,"loc":{"start":{"line":65,"column":4},"end":{"line":78,"column":4}}},"4":{"name":"safeTransferFrom","line":80,"loc":{"start":{"line":80,"column":4},"end":{"line":95,"column":4}}},"5":{"name":"getBuildings","line":97,"loc":{"start":{"line":97,"column":4},"end":{"line":99,"column":4}}},"6":{"name":"getBuilding","line":101,"loc":{"start":{"line":101,"column":4},"end":{"line":103,"column":4}}}},"statementMap":{"1":{"start":{"line":29,"column":8},"end":{"line":29,"column":19}},"2":{"start":{"line":30,"column":8},"end":{"line":30,"column":655}},"3":{"start":{"line":34,"column":8},"end":{"line":34,"column":76}},"4":{"start":{"line":36,"column":8},"end":{"line":36,"column":840}},"5":{"start":{"line":40,"column":8},"end":{"line":40,"column":946}},"6":{"start":{"line":44,"column":8},"end":{"line":44,"column":1057}},"7":{"start":{"line":50,"column":8},"end":{"line":50,"column":35}},"8":{"start":{"line":52,"column":8},"end":{"line":52,"column":34}},"9":{"start":{"line":54,"column":8},"end":{"line":54,"column":56}},"10":{"start":{"line":56,"column":8},"end":{"line":56,"column":36}},"11":{"start":{"line":58,"column":8},"end":{"line":58,"column":44}},"12":{"start":{"line":60,"column":8},"end":{"line":60,"column":22}},"13":{"start":{"line":62,"column":8},"end":{"line":62,"column":33}},"14":{"start":{"line":70,"column":8},"end":{"line":70,"column":1633}},"15":{"start":{"line":75,"column":8},"end":{"line":75,"column":40}},"16":{"start":{"line":77,"column":8},"end":{"line":77,"column":35}},"17":{"start":{"line":86,"column":8},"end":{"line":86,"column":2021}},"18":{"start":{"line":92,"column":8},"end":{"line":92,"column":40}},"19":{"start":{"line":94,"column":8},"end":{"line":94,"column":46}},"20":{"start":{"line":98,"column":8},"end":{"line":98,"column":24}},"21":{"start":{"line":102,"column":8},"end":{"line":102,"column":33}}},"branchMap":{"1":{"line":52,"type":"if","locations":[{"start":{"line":52,"column":8},"end":{"line":52,"column":8}},{"start":{"line":52,"column":8},"end":{"line":52,"column":8}}]},"2":{"line":54,"type":"if","locations":[{"start":{"line":54,"column":8},"end":{"line":54,"column":8}},{"start":{"line":54,"column":8},"end":{"line":54,"column":8}}]},"3":{"line":56,"type":"if","locations":[{"start":{"line":56,"column":8},"end":{"line":56,"column":8}},{"start":{"line":56,"column":8},"end":{"line":56,"column":8}}]},"4":{"line":70,"type":"if","locations":[{"start":{"line":70,"column":8},"end":{"line":70,"column":8}},{"start":{"line":70,"column":8},"end":{"line":70,"column":8}}]},"5":{"line":86,"type":"if","locations":[{"start":{"line":86,"column":8},"end":{"line":86,"column":8}},{"start":{"line":86,"column":8},"end":{"line":86,"column":8}}]}}}}